<?xml version="1.0" encoding="UTF-8" ?>
<testsuite errors="0" failures="0" hostname="Joses-MacBook-Pro.local" name="org.springframework.samples.jpetstore.domain.CartTest" skipped="0" tests="4" time="0.256" timestamp="2023-02-13T15:21:36">
  <properties>
[...]
</properties>
  <testcase classname="org.springframework.samples.jpetstore.domain.CartTest" name="addItemToCartVerify" time="0.161" />
  <testcase classname="org.springframework.samples.jpetstore.domain.CartTest" name="newCart" time="0.001" />
  <testcase classname="org.springframework.samples.jpetstore.domain.CartTest" name="addInvalidItemToCart" time="0.001" />
  <testcase classname="org.springframework.samples.jpetstore.domain.CartTest" name="addItemToCart" time="0.001" />
  <system-out><![CDATA[]]></system-out>
  <system-err><![CDATA[]]></system-err>
</testsuite>
